<?xml version="1.0" encoding="UTF-8"?>
<testsuites>
  <testsuite name="fastlane.lanes">
    
    
    
      
      <testcase classname="fastlane.lanes" name="00: default_platform" time="0.002277">
        
      </testcase>
    
      
      <testcase classname="fastlane.lanes" name="01: xcversion" time="0.730342">
        
      </testcase>
    
      
      <testcase classname="fastlane.lanes" name="02: create_xcframework" time="17.799824">
        
      </testcase>
    
      
      <testcase classname="fastlane.lanes" name="03: ditto -c -k --sequesterRsrc --keepParent ../Build/XCFrameworks/GoogleAddressAutocompletionPlugin.xcframework ../GoogleAddressAutocompletionPlugin_Cocoapods.framework.zip" time="0.10128">
        
      </testcase>
    
      
      <testcase classname="fastlane.lanes" name="04: cd .. &amp;&amp; ./carthage-build.sh build --platform iOS --no-skip-current" time="31.833357">
        
      </testcase>
    
      
      <testcase classname="fastlane.lanes" name="05: carthage" time="0.562662">
        
      </testcase>
    
      
      <testcase classname="fastlane.lanes" name="06: get_version_number" time="0.103198">
        
      </testcase>
    
      
      <testcase classname="fastlane.lanes" name="07: set_github_release" time="0.398087">
        
      </testcase>
    
      
      <testcase classname="fastlane.lanes" name="08: cd .. &amp;&amp; rm GoogleAddressAutocompletionPlugin_Cocoapods.framework.zip GoogleAddressAutocompletionPlugin.framework.zip" time="0.016479">
        
      </testcase>
    
      
      <testcase classname="fastlane.lanes" name="09: version_bump_podspec" time="0.004967">
        
      </testcase>
    
      
      <testcase classname="fastlane.lanes" name="10: pod_push" time="16.682729">
        
          <failure message="/Library/Ruby/Gems/2.6.0/gems/fastlane-2.197.0/fastlane/lib/fastlane/actions/actions_helper.rb:67:in `execute_action'&#10;/Library/Ruby/Gems/2.6.0/gems/fastlane-2.197.0/fastlane/lib/fastlane/runner.rb:255:in `block in execute_action'&#10;/Library/Ruby/Gems/2.6.0/gems/fastlane-2.197.0/fastlane/lib/fastlane/runner.rb:229:in `chdir'&#10;/Library/Ruby/Gems/2.6.0/gems/fastlane-2.197.0/fastlane/lib/fastlane/runner.rb:229:in `execute_action'&#10;/Library/Ruby/Gems/2.6.0/gems/fastlane-2.197.0/fastlane/lib/fastlane/runner.rb:157:in `trigger_action_by_name'&#10;/Library/Ruby/Gems/2.6.0/gems/fastlane-2.197.0/fastlane/lib/fastlane/fast_file.rb:159:in `method_missing'&#10;ReleaseFramework.rb:25:in `public_release'&#10;Fastfile:23:in `block (2 levels) in parsing_binding'&#10;/Library/Ruby/Gems/2.6.0/gems/fastlane-2.197.0/fastlane/lib/fastlane/lane.rb:33:in `call'&#10;/Library/Ruby/Gems/2.6.0/gems/fastlane-2.197.0/fastlane/lib/fastlane/runner.rb:49:in `block in execute'&#10;/Library/Ruby/Gems/2.6.0/gems/fastlane-2.197.0/fastlane/lib/fastlane/runner.rb:45:in `chdir'&#10;/Library/Ruby/Gems/2.6.0/gems/fastlane-2.197.0/fastlane/lib/fastlane/runner.rb:45:in `execute'&#10;/Library/Ruby/Gems/2.6.0/gems/fastlane-2.197.0/fastlane/lib/fastlane/lane_manager.rb:47:in `cruise_lane'&#10;/Library/Ruby/Gems/2.6.0/gems/fastlane-2.197.0/fastlane/lib/fastlane/command_line_handler.rb:36:in `handle'&#10;/Library/Ruby/Gems/2.6.0/gems/fastlane-2.197.0/fastlane/lib/fastlane/commands_generator.rb:109:in `block (2 levels) in run'&#10;/Library/Ruby/Gems/2.6.0/gems/commander-4.6.0/lib/commander/command.rb:187:in `call'&#10;/Library/Ruby/Gems/2.6.0/gems/commander-4.6.0/lib/commander/command.rb:157:in `run'&#10;/Library/Ruby/Gems/2.6.0/gems/commander-4.6.0/lib/commander/runner.rb:444:in `run_active_command'&#10;/Library/Ruby/Gems/2.6.0/gems/fastlane-2.197.0/fastlane_core/lib/fastlane_core/ui/fastlane_runner.rb:117:in `run!'&#10;/Library/Ruby/Gems/2.6.0/gems/commander-4.6.0/lib/commander/delegates.rb:18:in `run!'&#10;/Library/Ruby/Gems/2.6.0/gems/fastlane-2.197.0/fastlane/lib/fastlane/commands_generator.rb:353:in `run'&#10;/Library/Ruby/Gems/2.6.0/gems/fastlane-2.197.0/fastlane/lib/fastlane/commands_generator.rb:42:in `start'&#10;/Library/Ruby/Gems/2.6.0/gems/fastlane-2.197.0/fastlane/lib/fastlane/cli_tools_distributor.rb:122:in `take_off'&#10;/Library/Ruby/Gems/2.6.0/gems/fastlane-2.197.0/bin/fastlane:23:in `&lt;top (required)&gt;'&#10;/usr/local/bin/fastlane:23:in `load'&#10;/usr/local/bin/fastlane:23:in `&lt;main&gt;'&#10;&#10;Exit status of command 'pod trunk push' was 1 instead of 0.&#10;Ignoring ffi-1.12.2 because its extensions are not built. Try: gem pristine ffi --version 1.12.2&#10;Ignoring unf_ext-0.0.7.7 because its extensions are not built. Try: gem pristine unf_ext --version 0.0.7.7&#10;Ignoring unf_ext-0.0.7.6 because its extensions are not built. Try: gem pristine unf_ext --version 0.0.7.6&#10;[32m&#10;[!] Found podspec `sonect-google-address-autocompletion-plugin.podspec`[0m&#10;Updating spec repo `trunk`&#10;&#10;CocoaPods 1.11.3 is available.&#10;To update use: `sudo gem install cocoapods`&#10;&#10;For more information, see https://blog.cocoapods.org and the CHANGELOG for this version at https://github.com/CocoaPods/CocoaPods/releases/tag/1.11.3&#10;&#10;Validating podspec&#10; -&gt; sonect-google-address-autocompletion-plugin -&gt; sonect-google-address-autocompletion-plugin (1.3.0)&#10;    - ERROR | [iOS] xcodebuild: Returned an unsuccessful exit code. You can use `--verbose` for more information.&#10;    - NOTE  | xcodebuild:  note: Using new build system&#10;    - NOTE  | xcodebuild:  note: Building targets in parallel&#10;    - NOTE  | xcodebuild:  note: Using codesigning identity override: -&#10;    - NOTE  | [iOS] xcodebuild:  note: Planning build&#10;    - NOTE  | [iOS] xcodebuild:  note: Constructing build description&#10;    - NOTE  | [iOS] xcodebuild:  warning: [CP] Unable to find matching .xcframework slice in 'sonect-google-address-autocompletion-plugin/GoogleAddressAutocompletionPlugin.xcframework GoogleAddressAutocompletionPlugin framework ios-armv7_arm64 ios-i386_x86_64-simulator' for the current build architectures (arm64 x86_64 i386).&#10;    - NOTE  | xcodebuild:  ld: warning: directory not found for option '-F/Users/ivanyanakiev/Library/Developer/Xcode/DerivedData/App-eqcgweejrbbdbifkeuziztwitdwb/Build/Products/Release-iphonesimulator/XCFrameworkIntermediates/GoogleAddressAutocompletionPlugin'&#10;    - NOTE  | xcodebuild:  clang: error: linker command failed with exit code 1 (use -v to see invocation)&#10;    - NOTE  | [iOS] xcodebuild:  warning: Skipping code signing because the target does not have an Info.plist file and one is not being generated automatically. (in target 'App' from project 'App')&#10;&#10;[!] The spec did not pass validation, due to 1 error.&#10;" />
        
      </testcase>
    
  </testsuite>
</testsuites>
